18018:X 21 Jan 14:18:08.965 # oO0OoO0OoO0Oo Redis is starting oO0OoO0OoO0Oo
18018:X 21 Jan 14:18:08.966 # Redis version=4.0.2, bits=64, commit=00000000, modified=0, pid=18018, just started
18018:X 21 Jan 14:18:08.966 # Configuration loaded
18019:X 21 Jan 14:18:08.969 * Increased maximum number of open files to 10032 (it was originally set to 4864).
18019:X 21 Jan 14:18:08.971 * Running mode=sentinel, port=63791.
18019:X 21 Jan 14:18:08.973 # Sentinel ID is 178810142d67c2211f3c6a1f063a6e52bccb5f98
18019:X 21 Jan 14:18:08.973 # +monitor master master-1 ::1 6379 quorum 2
18019:X 21 Jan 14:18:08.977 * +slave slave [::1]:6380 ::1 6380 @ master-1 ::1 6379
18019:X 21 Jan 14:18:08.978 * +slave slave [::1]:6381 ::1 6381 @ master-1 ::1 6379
18019:X 21 Jan 14:18:29.071 * +fix-slave-config slave [::1]:6381 ::1 6381 @ master-1 ::1 6379
18019:X 21 Jan 14:18:29.072 * +fix-slave-config slave [::1]:6380 ::1 6380 @ master-1 ::1 6379
18019:X 21 Jan 14:18:50.329 * +sentinel sentinel 426c3878fa1733e1a3ae6a9891c4431d52e254be ::1 63792 @ master-1 ::1 6379
18019:X 21 Jan 15:00:53.743 # +sdown master master-1 ::1 6379
18019:X 21 Jan 15:00:53.800 # +odown master master-1 ::1 6379 #quorum 2/2
18019:X 21 Jan 15:00:53.801 # +new-epoch 1
18019:X 21 Jan 15:00:53.802 # +try-failover master master-1 ::1 6379
18019:X 21 Jan 15:00:53.802 # +vote-for-leader 178810142d67c2211f3c6a1f063a6e52bccb5f98 1
18019:X 21 Jan 15:00:53.804 # 426c3878fa1733e1a3ae6a9891c4431d52e254be voted for 178810142d67c2211f3c6a1f063a6e52bccb5f98 1
18019:X 21 Jan 15:00:53.903 # +elected-leader master master-1 ::1 6379
18019:X 21 Jan 15:00:53.904 # +failover-state-select-slave master master-1 ::1 6379
18019:X 21 Jan 15:00:54.005 # +selected-slave slave [::1]:6381 ::1 6381 @ master-1 ::1 6379
18019:X 21 Jan 15:00:54.006 * +failover-state-send-slaveof-noone slave [::1]:6381 ::1 6381 @ master-1 ::1 6379
18019:X 21 Jan 15:00:54.079 * +failover-state-wait-promotion slave [::1]:6381 ::1 6381 @ master-1 ::1 6379
18019:X 21 Jan 15:00:54.806 # +promoted-slave slave [::1]:6381 ::1 6381 @ master-1 ::1 6379
18019:X 21 Jan 15:00:54.806 # +failover-state-reconf-slaves master master-1 ::1 6379
18019:X 21 Jan 15:00:54.863 * +slave-reconf-sent slave [::1]:6380 ::1 6380 @ master-1 ::1 6379
18019:X 21 Jan 15:00:55.298 * +slave-reconf-inprog slave [::1]:6380 ::1 6380 @ master-1 ::1 6379
18019:X 21 Jan 15:00:55.906 # -odown master master-1 ::1 6379
18019:X 21 Jan 15:00:56.329 * +slave-reconf-done slave [::1]:6380 ::1 6380 @ master-1 ::1 6379
18019:X 21 Jan 15:00:56.412 # +failover-end master master-1 ::1 6379
18019:X 21 Jan 15:00:56.412 # +switch-master master-1 ::1 6379 ::1 6381
18019:X 21 Jan 15:00:56.413 * +slave slave [::1]:6380 ::1 6380 @ master-1 ::1 6381
18019:X 21 Jan 15:00:56.413 * +slave slave [::1]:6379 ::1 6379 @ master-1 ::1 6381
18019:X 21 Jan 15:01:01.427 # +sdown slave [::1]:6379 ::1 6379 @ master-1 ::1 6381
18019:X 21 Jan 15:03:14.585 # -sdown slave [::1]:6379 ::1 6379 @ master-1 ::1 6381
18019:X 21 Jan 15:03:24.576 * +convert-to-slave slave [::1]:6379 ::1 6379 @ master-1 ::1 6381
18019:X 21 Jan 16:08:13.834 # +tilt #tilt mode entered
18019:X 21 Jan 16:08:43.889 # -tilt #tilt mode exited
